<?xml version="1.0" encoding="UTF-8"?>
<!-- Generated by org.testng.reporters.JUnitXMLReporter -->
<testsuite hostname="DESKTOP-R3EKG9O" ignored="0" name="Car Loan" tests="7" failures="0" timestamp="2020-06-21T17:49:27 GMT" time="0.076" errors="0">
  <testcase name="APIlogincarLoan" time="0.008" classname="firsttestngpackage.day3"/>
  <testcase name="MobileEditcarLoan" time="0.005" classname="firsttestngpackage.day3"/>
  <testcase name="MobileLogincarLoan" time="0.002" classname="firsttestngpackage.day3"/>
  <testcase name="MobileLogoutcarLoan" time="0.002" classname="firsttestngpackage.day3"/>
  <testcase name="MobileLogoutcarLoan" time="0.001" classname="firsttestngpackage.day3"/>
  <testcase name="MobileLogoutcarLoan" time="0.002" classname="firsttestngpackage.day3"/>
  <testcase name="WeblogincarLoan" time="0.001" classname="firsttestngpackage.day3"/>
</testsuite> <!-- Car Loan -->
