<?xml version="1.0" encoding="UTF-8"?>
<!-- Generated by org.testng.reporters.JUnitXMLReporter -->
<testsuite hostname="DESKTOP-R3EKG9O" ignored="0" name="Home Loan" tests="3" failures="0" timestamp="2020-06-21T17:49:27 GMT" time="0.058" errors="0">
  <testcase name="MobileLoginHomeLoan" time="0.008" classname="firsttestngpackage.day4"/>
  <testcase name="WebloginHomeLoan" time="0.002" classname="firsttestngpackage.day4"/>
  <testcase name="loginAPIHomeLoan" time="0.003" classname="firsttestngpackage.day4"/>
</testsuite> <!-- Home Loan -->
