<?xml version="1.0" encoding="UTF-8"?>
<!-- Generated by org.testng.reporters.JUnitXMLReporter -->
<testsuite hostname="DESKTOP-R3EKG9O" ignored="5" name="Regression" tests="4" failures="0" timestamp="2020-06-14T17:24:22 GMT" time="0.031" errors="0">
  <testcase name="WebloginHomeLoan" time="0.016" classname="firsttestngpackage.day4"/>
  <testcase name="MobileLogincarLoan" time="0.0" classname="firsttestngpackage.day3"/>
  <testcase name="WeblogincarLoan" time="0.0" classname="firsttestngpackage.day3"/>
  <testcase name="ploan" time="0.0" classname="firsttestngpackage.day2"/>
  <testcase name="MobileLogoutcarLoan" time="0.0" classname="firsttestngpackage.day3">
    <ignored/>
  </testcase> <!-- MobileLogoutcarLoan -->
  <testcase name="MobileLoginHomeLoan" time="0.0" classname="firsttestngpackage.day4">
    <ignored/>
  </testcase> <!-- MobileLoginHomeLoan -->
  <testcase name="APIlogincarLoan" time="0.0" classname="firsttestngpackage.day3">
    <ignored/>
  </testcase> <!-- APIlogincarLoan -->
  <testcase name="MobileEditcarLoan" time="0.0" classname="firsttestngpackage.day3">
    <ignored/>
  </testcase> <!-- MobileEditcarLoan -->
  <testcase name="loginAPIHomeLoan" time="0.0" classname="firsttestngpackage.day4">
    <ignored/>
  </testcase> <!-- loginAPIHomeLoan -->
</testsuite> <!-- Regression -->
